<?xml version="1.0" encoding="UTF-8"?>
<!-- Generated by org.testng.reporters.JUnitReportReporter -->
<testsuite hostname="DESKTOP-SFFMUB4" failures="0" tests="1" name="resolver2.resolver2.standAlone" time="1.209" errors="0" timestamp="2024-06-05T14:03:00 EDT" skipped="0">
  <testcase classname="resolver2.resolver2.standAlone" name="test1_VerifyLoginFormPresenceAndFunctionality" time="1.209"/>
  <system-out/>
</testsuite> <!-- resolver2.resolver2.standAlone -->
