<?xml version="1.0" encoding="UTF-8"?>
<!-- Generated by org.testng.reporters.JUnitReportReporter -->
<testsuite hostname="DESKTOP-SFFMUB4" failures="0" tests="6" name="resolver2.resolver2.IndexTest" time="11.292" errors="0" timestamp="2024-06-05T16:40:19 EDT" skipped="0">
  <testcase classname="resolver2.resolver2.IndexTest" name="test5_ValidateButtonClickAndSuccessMessageWithRandomDelay" time="9.927"/>
  <system-out/>
  <testcase classname="resolver2.resolver2.IndexTest" name="test6_RetrieveAndVerifyGridCellValue" time="0.145"/>
  <system-out/>
  <testcase classname="resolver2.resolver2.IndexTest" name="test4_CheckButtonStates" time="0.155"/>
  <system-out/>
  <testcase classname="resolver2.resolver2.IndexTest" name="test2_ValidateListGroupItems" time="0.272"/>
  <system-out/>
  <testcase classname="resolver2.resolver2.IndexTest" name="test1_VerifyLoginFormPresenceAndFunctionality" time="0.494"/>
  <system-out/>
  <testcase classname="resolver2.resolver2.IndexTest" name="test3_VerifyDefaultAndSelectOptionInDropdown" time="0.299"/>
  <system-out/>
</testsuite> <!-- resolver2.resolver2.IndexTest -->
